2028 - 00:00:33 - Additional info (Alt-mode) - completed (skipped)
5861 - 00:01:37 - Clear cursor - completed (skipped)
25704 - 00:07:08 - Entity transfers - completed-without-tutorial (skipped)
37193 - 00:10:19 - Bulk crafting - suggested
38216 - 00:10:36 - Stack transfers - completed-without-tutorial (skipped)
43954 - 00:12:12 - Electric network - suggested
68364 - 00:18:59 - Build by dragging - suggested
72232 - 00:20:03 - Shoot targeting - suggested
81030 - 00:22:30 - Bulk crafting - completed (skipped)
10030 - 00:02:47 - Inserters - suggested
10169 - 00:02:49 - Inserters - completed
10169 - 00:02:49 - Burner inserter refueling - suggested
10169 - 00:02:49 - Insertion limits - suggested
10169 - 00:02:49 - Limiting chests - suggested
59754 - 00:16:35 - Transfer between labs - suggested
63575 - 00:17:39 - Dragging electric poles - completed (skipped)
63575 - 00:17:39 - Pole dragging coverage - suggested
79205 - 00:22:00 - Electric network - completed (skipped)
79205 - 00:22:00 - Steam power - suggested
79205 - 00:22:00 - Steam power - completed (skipped)
88777 - 00:24:39 - Fast replace - completed (skipped)
128978 - 00:35:49 - Long-handed inserters - suggested
133422 - 00:37:03 - Belt lanes - suggested
134698 - 00:37:24 - Entity pipette - suggested
153683 - 00:42:41 - Build by dragging - completed (skipped)
215426 - 00:59:50 - Fast replace belt & splitter - completed (skipped)
242698 - 01:07:24 - [font=default-semibold][color=#80cef0]Z[/color][/font] to drop items - suggested
259925 - 01:12:12 - Low power - suggested
260194 - 01:12:16 - Low power - completed
262518 - 01:12:55 - Splitters - suggested
271862 - 01:15:31 - Fast belt bending - suggested
289031 - 01:20:17 - Belt lanes - completed (skipped)
289031 - 01:20:17 - Fast replace direction - suggested
327523 - 01:30:58 - Burner inserter refueling - completed (skipped)
351393 - 01:37:36 - Fast replace direction - completed (skipped)
507547 - 02:20:59 - Copy-paste entity settings - suggested
533500 - 02:28:11 - Entity pipette - completed (skipped)
711573 - 03:17:39 - Pole dragging coverage - completed (skipped)
713723 - 03:18:15 - Electric pole connections - suggested
751238 - 03:28:40 - Dragging underground belts - completed (skipped)
808646 - 03:44:37 - Fast replace belt & underground belt - suggested
